2024-06-05T08:27:47.610Z [info] Player created: {"id":2,"name":"Kohli","team":"Team A"}
2024-06-05T09:47:56.261Z [info] Retrieved all players
2024-06-05T09:55:10.491Z [info] Retrieved all players
2024-06-05T09:56:18.057Z [info] Retrieved all players
2024-06-05T10:17:49.950Z [info] Retrieved all players
2024-06-11T19:05:20.763Z [info] Retrieved all players
2024-06-11T19:05:56.783Z [error] Validation failed: [{"type":"field","msg":"ID must be an integer","path":"id","location":"body"},{"type":"field","msg":"Invalid value","path":"name","location":"body"},{"type":"field","msg":"Name is required","path":"name","location":"body"},{"type":"field","msg":"Invalid value","path":"team","location":"body"},{"type":"field","msg":"Team is required","path":"team","location":"body"}]
2024-06-12T08:58:44.823Z [info] Retrieved all players
2024-06-12T08:59:11.205Z [error] Validation failed: [{"type":"field","msg":"ID must be an integer","path":"id","location":"body"},{"type":"field","msg":"Invalid value","path":"name","location":"body"},{"type":"field","msg":"Name is required","path":"name","location":"body"},{"type":"field","msg":"Invalid value","path":"team","location":"body"},{"type":"field","msg":"Team is required","path":"team","location":"body"}]
2024-06-12T09:01:48.305Z [error] Validation failed: [{"type":"field","msg":"ID must be an integer","path":"id","location":"body"},{"type":"field","msg":"Invalid value","path":"name","location":"body"},{"type":"field","msg":"Name is required","path":"name","location":"body"},{"type":"field","msg":"Invalid value","path":"team","location":"body"},{"type":"field","msg":"Team is required","path":"team","location":"body"}]
2024-06-12T09:02:41.531Z [error] Validation failed: [{"type":"field","msg":"ID must be an integer","path":"id","location":"body"},{"type":"field","msg":"Invalid value","path":"name","location":"body"},{"type":"field","msg":"Name is required","path":"name","location":"body"},{"type":"field","msg":"Invalid value","path":"team","location":"body"},{"type":"field","msg":"Team is required","path":"team","location":"body"}]
2024-06-12T09:04:08.033Z [error] Validation failed: [{"type":"field","value":2,"msg":"Invalid value","path":"team_id","location":"body"}]
2024-06-12T09:06:10.458Z [error] Validation failed: [{"type":"field","value":3,"msg":"Invalid value","path":"team_id","location":"body"}]
2024-06-12T09:09:31.432Z [info] Player created: {"player_id":8,"player_name":"Player 7","team_id":3}
2024-06-12T09:13:39.257Z [info] Retrieved all players
2024-06-12T09:15:19.159Z [error] Player not found: ID 1
2024-06-12T09:15:26.583Z [error] Player not found: ID 2
2024-06-12T09:15:30.624Z [error] Player not found: ID 3
2024-06-12T09:26:54.894Z [error] Validation failed: [{"type":"field","msg":"ID must be an integer","path":"player_id","location":"params"}]
2024-06-12T09:33:00.606Z [error] Player not found: ID 4
2024-06-12T09:37:57.168Z [info] Player deleted: ID 4
2024-06-12T10:17:58.967Z [info] Retrieved all players
2024-06-12T10:18:43.216Z [info] Retrieved all players
2024-06-12T10:19:01.823Z [info] Player deleted: ID 20
2024-06-12T10:21:25.541Z [info] Retrieved all players
2024-06-12T10:25:32.059Z [error] Error executing query: Error: Unknown column '$1' in 'field list'
2024-06-12T10:26:10.456Z [error] Error executing query: Error: You have an error in your SQL syntax; check the manual that corresponds to your MySQL server version for the right syntax to use near 'Nabi, 10)' at line 2
2024-06-12T10:39:44.679Z [info] Retrieved all players
2024-06-12T10:39:57.566Z [info] Player deleted: ID 18
2024-06-12T11:34:06.135Z [info] Retrieved all players
2024-06-12T11:34:06.139Z [info] Retrieved all players
2024-06-12T11:34:10.548Z [info] Retrieved all players
2024-06-12T11:34:10.551Z [info] Retrieved all players
2024-06-12T11:37:00.532Z [info] Retrieved all players
2024-06-12T11:37:18.534Z [info] Retrieved all players
2024-06-12T11:37:22.529Z [info] Retrieved all players
2024-06-12T11:37:32.530Z [info] Retrieved all players
2024-06-12T11:37:35.526Z [info] Retrieved all players
2024-06-12T11:37:41.527Z [info] Retrieved all players
2024-06-12T11:37:58.528Z [info] Retrieved all players
2024-06-12T11:37:58.530Z [info] Retrieved all players
2024-06-12T11:38:03.528Z [info] Retrieved all players
2024-06-12T11:38:08.526Z [info] Retrieved all players
2024-06-12T11:38:10.529Z [info] Retrieved all players
2024-06-12T11:38:31.534Z [info] Retrieved all players
2024-06-12T11:38:36.539Z [info] Retrieved all players
2024-06-12T11:38:41.534Z [info] Retrieved all players
2024-06-12T11:38:50.530Z [info] Retrieved all players
2024-06-12T11:39:01.534Z [info] Retrieved all players
2024-06-12T11:39:10.531Z [info] Retrieved all players
2024-06-12T11:39:16.530Z [info] Retrieved all players
2024-06-12T11:39:28.531Z [info] Retrieved all players
2024-06-12T11:39:36.307Z [info] Retrieved all players
2024-06-12T11:41:05.807Z [info] Retrieved all players
2024-06-12T11:41:05.810Z [info] Retrieved all players
2024-06-12T11:41:46.320Z [info] Retrieved all players
2024-06-12T11:41:46.324Z [info] Retrieved all players
