2024-06-11T19:07:50.705Z [info] Retrieved all teams
2024-06-12T09:55:14.134Z [info] Retrieved all teams
2024-06-12T10:00:36.181Z [info] Retrieved all Teams
2024-06-12T10:09:41.591Z [error] Team not found: ID 3
2024-06-12T10:11:38.322Z [info] Team deleted: ID 3
2024-06-12T10:14:18.913Z [info] Retrieved all Teams
2024-06-12T10:14:26.799Z [info] Retrieved all Teams
2024-06-12T10:14:58.691Z [error] Validation failed: [{"type":"field","msg":"ID must be an integer","path":"id","location":"body"},{"type":"field","msg":"Invalid value","path":"name","location":"body"},{"type":"field","msg":"Name is required","path":"name","location":"body"},{"type":"field","msg":"Invalid value","path":"city","location":"body"},{"type":"field","msg":"City is required","path":"city","location":"body"}]
2024-06-12T10:30:04.819Z [info] Retrieved all Teams
2024-06-12T10:31:54.357Z [info] Retrieved all Teams
2024-06-12T10:35:00.709Z [info] Retrieved all Teams
2024-06-12T10:36:02.252Z [info] Team deleted: ID 11
2024-06-12T10:37:14.787Z [error] Team not found: ID 11
2024-06-12T10:37:22.297Z [info] Retrieved all Teams
2024-06-12T10:37:31.507Z [info] Team deleted: ID 10
2024-06-12T10:37:45.955Z [info] Retrieved all Teams
2024-06-12T10:38:05.180Z [error] Error executing query: Error: Duplicate entry '1' for key 'PRIMARY'
2024-06-12T11:29:06.447Z [info] Retrieved all Teams
2024-06-12T11:29:13.462Z [info] Retrieved all Teams
2024-06-12T11:29:27.460Z [info] Retrieved all Teams
2024-06-12T11:29:28.460Z [info] Retrieved all Teams
2024-06-12T11:29:37.464Z [info] Retrieved all Teams
2024-06-12T11:29:49.218Z [info] Retrieved all Teams
2024-06-12T11:29:49.221Z [info] Retrieved all Teams
2024-06-12T11:33:31.205Z [info] Retrieved all Teams
2024-06-12T11:33:31.211Z [info] Retrieved all Teams
2024-06-12T11:34:09.271Z [info] Retrieved all Teams
2024-06-12T11:34:09.276Z [info] Retrieved all Teams
2024-06-12T11:39:40.504Z [info] Retrieved all Teams
2024-06-12T11:39:40.508Z [info] Retrieved all Teams
2024-06-12T11:40:35.534Z [info] Retrieved all Teams
2024-06-12T11:40:35.538Z [info] Retrieved all Teams
2024-06-12T11:40:41.529Z [info] Retrieved all Teams
2024-06-12T11:40:45.529Z [info] Retrieved all Teams
2024-06-12T11:40:56.527Z [info] Retrieved all Teams
2024-06-12T11:40:58.528Z [info] Retrieved all Teams
2024-06-12T11:41:06.802Z [info] Retrieved all Teams
2024-06-12T11:41:06.804Z [info] Retrieved all Teams
2024-06-12T11:41:15.527Z [info] Retrieved all Teams
2024-06-12T11:41:34.310Z [info] Retrieved all Teams
2024-06-12T11:41:38.527Z [info] Retrieved all Teams
2024-06-12T11:41:41.526Z [info] Retrieved all Teams
2024-06-12T11:41:48.474Z [info] Retrieved all Teams
2024-06-12T11:41:48.477Z [info] Retrieved all Teams
2024-06-12T11:41:58.528Z [info] Retrieved all Teams
2024-06-12T11:42:00.529Z [info] Retrieved all Teams
2024-06-12T11:42:10.529Z [info] Retrieved all Teams
2024-06-12T11:42:12.524Z [info] Retrieved all Teams
2024-06-12T11:42:14.527Z [info] Retrieved all Teams
2024-06-12T11:42:51.533Z [info] Retrieved all Teams
2024-06-12T11:43:20.535Z [info] Retrieved all Teams
2024-06-12T11:43:26.536Z [info] Retrieved all Teams
2024-06-12T11:43:34.165Z [info] Retrieved all Teams
2024-06-12T11:43:38.688Z [info] Retrieved all Teams
2024-06-12T11:43:38.690Z [info] Retrieved all Teams
2024-06-12T11:43:44.103Z [info] Retrieved all Teams
2024-06-12T11:43:46.049Z [info] Retrieved all Teams
2024-06-12T11:43:46.051Z [info] Retrieved all Teams
2024-06-12T11:43:58.531Z [info] Retrieved all Teams
2024-06-12T11:44:00.685Z [info] Retrieved all Teams
2024-06-12T11:44:00.687Z [info] Retrieved all Teams
2024-06-12T11:44:02.526Z [info] Retrieved all Teams
2024-06-12T11:44:11.533Z [info] Retrieved all Teams
2024-06-12T11:44:13.783Z [info] Retrieved all Teams
2024-06-12T11:44:13.785Z [info] Retrieved all Teams
2024-06-12T11:44:24.986Z [info] Retrieved all Teams
2024-06-12T11:44:26.307Z [info] Retrieved all Teams
2024-06-12T11:44:26.309Z [info] Retrieved all Teams
2024-06-12T11:44:52.535Z [info] Retrieved all Teams
2024-06-12T11:44:52.537Z [info] Retrieved all Teams
2024-06-12T11:45:09.529Z [info] Retrieved all Teams
2024-06-12T11:45:17.534Z [info] Retrieved all Teams
2024-06-12T11:45:30.526Z [info] Retrieved all Teams
2024-06-12T11:45:50.534Z [info] Retrieved all Teams
2024-06-12T11:46:03.536Z [info] Retrieved all Teams
2024-06-12T11:46:16.530Z [info] Retrieved all Teams
2024-06-12T11:46:43.534Z [info] Retrieved all Teams
2024-06-12T11:46:45.526Z [info] Retrieved all Teams
2024-06-12T11:46:48.425Z [info] Retrieved all Teams
2024-06-12T11:46:50.035Z [info] Team deleted: ID 10
2024-06-12T11:46:50.039Z [info] Retrieved all Teams
2024-06-12T11:46:51.519Z [info] Team deleted: ID 9
2024-06-12T11:46:51.525Z [info] Retrieved all Teams
2024-06-12T11:46:57.532Z [info] Retrieved all Teams
2024-06-12T11:47:08.530Z [info] Retrieved all Teams
2024-06-12T11:47:11.534Z [info] Retrieved all Teams
2024-06-12T11:47:17.533Z [info] Retrieved all Teams
2024-06-12T11:47:24.537Z [info] Retrieved all Teams
2024-06-12T11:47:31.527Z [info] Retrieved all Teams
2024-06-12T11:47:35.530Z [info] Retrieved all Teams
2024-06-12T11:47:37.534Z [info] Retrieved all Teams
2024-06-12T11:47:39.530Z [info] Retrieved all Teams
2024-06-12T11:47:46.526Z [info] Retrieved all Teams
2024-06-12T11:48:08.530Z [info] Retrieved all Teams
2024-06-12T11:48:35.530Z [info] Retrieved all Teams
2024-06-12T11:48:35.532Z [info] Retrieved all Teams
2024-06-12T11:48:54.289Z [info] Retrieved all Teams
2024-06-12T11:49:04.530Z [info] Retrieved all Teams
2024-06-12T11:49:04.531Z [info] Retrieved all Teams
2024-06-12T11:49:06.529Z [info] Retrieved all Teams
2024-06-12T11:49:26.529Z [info] Retrieved all Teams
2024-06-12T11:49:33.530Z [info] Retrieved all Teams
2024-06-12T11:49:35.528Z [info] Retrieved all Teams
2024-06-12T11:49:51.502Z [info] Retrieved all Teams
2024-06-12T11:49:56.534Z [info] Retrieved all Teams
2024-06-12T11:49:58.171Z [info] Retrieved all Teams
2024-06-12T11:50:49.543Z [info] Retrieved all Teams
2024-06-12T11:50:49.545Z [info] Retrieved all Teams
2024-06-12T11:50:58.533Z [info] Retrieved all Teams
2024-06-12T11:50:58.534Z [info] Retrieved all Teams
2024-06-12T11:51:03.533Z [info] Retrieved all Teams
2024-06-12T11:51:03.535Z [info] Retrieved all Teams
2024-06-12T11:51:05.530Z [info] Retrieved all Teams
2024-06-12T11:51:05.533Z [info] Retrieved all Teams
2024-06-12T11:51:08.531Z [info] Retrieved all Teams
2024-06-12T11:51:08.532Z [info] Retrieved all Teams
2024-06-12T11:51:40.535Z [info] Retrieved all Teams
2024-06-12T11:51:48.531Z [info] Retrieved all Teams
2024-06-12T11:51:51.535Z [info] Retrieved all Teams
2024-06-12T11:52:02.533Z [info] Retrieved all Teams
2024-06-12T11:52:07.528Z [info] Retrieved all Teams
2024-06-12T11:52:14.534Z [info] Retrieved all Teams
2024-06-12T11:52:14.536Z [info] Retrieved all Teams
2024-06-12T11:52:26.534Z [info] Retrieved all Teams
2024-06-12T11:52:33.535Z [info] Retrieved all Teams
2024-06-12T11:52:35.530Z [info] Retrieved all Teams
2024-06-12T11:53:06.536Z [info] Retrieved all Teams
2024-06-12T11:53:11.535Z [info] Retrieved all Teams
2024-06-12T11:53:29.530Z [info] Retrieved all Teams
2024-06-12T11:53:43.529Z [info] Retrieved all Teams
2024-06-12T11:53:50.530Z [info] Retrieved all Teams
2024-06-12T11:53:52.981Z [info] Retrieved all Teams
2024-06-12T11:53:52.982Z [info] Retrieved all Teams
2024-06-12T11:54:04.540Z [info] Retrieved all Teams
2024-06-12T11:54:04.543Z [info] Retrieved all Teams
2024-06-12T11:54:06.456Z [info] Retrieved all Teams
2024-06-12T11:54:06.458Z [info] Retrieved all Teams
2024-06-12T11:54:28.322Z [info] Retrieved all Teams
2024-06-12T11:54:50.538Z [info] Retrieved all Teams
2024-06-12T11:54:55.548Z [info] Retrieved all Teams
2024-06-12T11:54:59.538Z [info] Retrieved all Teams
2024-06-12T11:55:23.561Z [info] Retrieved all Teams
2024-06-12T11:55:24.564Z [info] Retrieved all Teams
2024-06-12T11:57:27.587Z [info] Retrieved all Teams
2024-06-12T11:57:30.436Z [info] Retrieved all Teams
2024-06-12T11:57:30.438Z [info] Retrieved all Teams
2024-06-12T11:57:39.030Z [info] Retrieved all Teams
2024-06-12T11:57:39.033Z [info] Retrieved all Teams
2024-06-12T11:57:45.792Z [info] Retrieved all Teams
2024-06-12T11:57:45.845Z [info] Retrieved all Teams
2024-06-12T11:57:45.851Z [info] Retrieved all Teams
2024-06-12T11:57:48.728Z [info] Team deleted: ID 9
2024-06-12T11:57:48.732Z [info] Retrieved all Teams
